<?xml version="1.0" encoding="UTF-8"?>
<testsuite name="com.example.fitearn.ExampleUnitTest" tests="1" skipped="0" failures="0" errors="0" timestamp="2024-10-03T03:10:23" hostname="deepas-MacBook-Pro.local" time="0.003">
  <properties/>
  <testcase name="addition_isCorrect" classname="com.example.fitearn.ExampleUnitTest" time="0.003"/>
  <system-out><![CDATA[]]></system-out>
  <system-err><![CDATA[]]></system-err>
</testsuite>
